<?xml version="1.0" encoding="UTF-8"?>
<testng-results ignored="0" total="1" passed="1" failed="0" skipped="0">
  <reporter-output>
    <line>
      <![CDATA[browser launched]]>
    </line>
    <line>
      <![CDATA[link open]]>
    </line>
  </reporter-output>
  <suite started-at="2024-08-13T22:38:06 IST" name="Default suite" finished-at="2024-08-13T22:38:18 IST" duration-ms="12040">
    <groups>
    </groups>
    <test started-at="2024-08-13T22:38:06 IST" name="Default test" finished-at="2024-08-13T22:38:18 IST" duration-ms="12040">
      <class name="Tngg.AssertDemo">
        <test-method signature="testMehod()[pri:0, instance:Tngg.AssertDemo@130d63be]" started-at="2024-08-13T22:38:06 IST" name="testMehod" finished-at="2024-08-13T22:38:18 IST" duration-ms="11945" status="PASS">
          <reporter-output>
            <line>
              <![CDATA[browser launched]]>
            </line>
            <line>
              <![CDATA[link open]]>
            </line>
          </reporter-output>
        </test-method> <!-- testMehod -->
      </class> <!-- Tngg.AssertDemo -->
    </test> <!-- Default test -->
  </suite> <!-- Default suite -->
</testng-results>
